<?xml version="1.0" encoding="UTF-8"?>
<!-- Generated by org.testng.reporters.JUnitReportReporter -->
<testsuite skipped="0" hostname="paxel0014" name="testcases.CreateReportFFBQuality" tests="1" failures="0" timestamp="15 Jul 2020 20:11:37 GMT" time="22.464" errors="0">
  <testcase name="loginLogOut" time="22.464" classname="testcases.CreateReportFFBQuality"/>
</testsuite> <!-- testcases.CreateReportFFBQuality -->
