<?xml version="1.0" encoding="UTF-8"?>
<!-- Generated by org.testng.reporters.JUnitReportReporter -->
<testsuite skipped="0" hostname="paxel0014" name="testcases.CreateNewDO" tests="1" failures="0" timestamp="15 Jul 2020 20:07:18 GMT" time="32.918" errors="0">
  <testcase name="loginLogOut" time="32.918" classname="testcases.CreateNewDO"/>
</testsuite> <!-- testcases.CreateNewDO -->
