<?xml version="1.0" encoding="UTF-8"?>
<!-- Generated by org.testng.reporters.JUnitReportReporter -->
<testsuite skipped="0" hostname="paxel0014" name="testcases.ProductionCreatePlotInput" tests="1" failures="0" timestamp="15 Jul 2020 20:13:59 GMT" time="22.220" errors="0">
  <testcase name="loginLogOut" time="22.220" classname="testcases.ProductionCreatePlotInput"/>
</testsuite> <!-- testcases.ProductionCreatePlotInput -->
