<?xml version="1.0" encoding="UTF-8"?>
<!-- Generated by org.testng.reporters.JUnitReportReporter -->
<testsuite skipped="0" hostname="paxel0014" name="testcases.CreateNewWeighBridge" tests="1" failures="0" timestamp="15 Jul 2020 20:13:23 GMT" time="20.309" errors="0">
  <testcase name="loginLogOut" time="20.309" classname="testcases.CreateNewWeighBridge"/>
</testsuite> <!-- testcases.CreateNewWeighBridge -->
