<?xml version="1.0" encoding="UTF-8"?>
<!-- Generated by org.testng.reporters.JUnitReportReporter -->
<testsuite hostname="paxel0014" name="testcases.TC001_LoginLogOut" tests="1" failures="0" timestamp="9 Jul 2020 19:33:01 GMT" time="5.551" errors="0">
  <testcase name="loginLogOut" time="5.551" classname="testcases.TC001_LoginLogOut"/>
</testsuite>
